<?xml version="1.0" encoding="UTF-8"?>
<testsuite xmlns:xsi="http://www.w3.org/2001/XMLSchema-instance" xsi:noNamespaceSchemaLocation="https://maven.apache.org/surefire/maven-surefire-plugin/xsd/surefire-test-report-3.0.xsd" version="3.0" name="com.charlie.Tests" time="0.123" tests="8" errors="0" skipped="0" failures="0">
  <properties>
[...]
</properties>
  <testcase name="testAdd" classname="com.charlie.Tests" time="0.092"/>
  <testcase name="testSub" classname="com.charlie.Tests" time="0"/>
  <testcase name="testAdd2" classname="com.charlie.Tests" time="0.007">
    <system-out><![CDATA[13:12:47.357 [main] INFO com.charlie.RController - 1 + 3 = 4.0
]]></system-out>
  </testcase>
  <testcase name="testSub2" classname="com.charlie.Tests" time="0.001">
    <system-out><![CDATA[13:12:47.362 [main] INFO com.charlie.RController - 1 - 3 = -2.0
]]></system-out>
  </testcase>
  <testcase name="testMultiply2" classname="com.charlie.Tests" time="0.002">
    <system-out><![CDATA[13:12:47.369 [main] INFO com.charlie.RController - 1 * 3 = 3.0
]]></system-out>
  </testcase>
  <testcase name="testDivid2" classname="com.charlie.Tests" time="0">
    <system-out><![CDATA[13:12:47.372 [main] INFO com.charlie.RController - 1 / 2 = 0.5
]]></system-out>
  </testcase>
  <testcase name="testDivide" classname="com.charlie.Tests" time="0.001"/>
  <testcase name="testMultiply" classname="com.charlie.Tests" time="0"/>
</testsuite>